[debug] [2021-03-23T08:03:31.094Z] ----------------------------------------------------------------------
[debug] [2021-03-23T08:03:31.096Z] Command:       C:\Program Files\nodejs\node.exe C:\Users\Dinuka Ekanayake\AppData\Roaming\npm\node_modules\firebase-tools\lib\bin\firebase.js init
[debug] [2021-03-23T08:03:31.097Z] CLI Version:   9.6.1
[debug] [2021-03-23T08:03:31.097Z] Platform:      win32
[debug] [2021-03-23T08:03:31.097Z] Node Version:  v12.14.1
[debug] [2021-03-23T08:03:31.098Z] Time:          Tue Mar 23 2021 13:33:31 GMT+0530 (India Standard Time)
[debug] [2021-03-23T08:03:31.099Z] ----------------------------------------------------------------------
[debug] [2021-03-23T08:03:31.099Z] 
[debug] [2021-03-23T08:03:31.107Z] > command requires scopes: ["email","openid","https://www.googleapis.com/auth/cloudplatformprojects.readonly","https://www.googleapis.com/auth/firebase","https://www.googleapis.com/auth/cloud-platform"]
[debug] [2021-03-23T08:03:31.108Z] > authorizing via signed-in user
[info] 
     ######## #### ########  ######## ########     ###     ######  ########
     ##        ##  ##     ## ##       ##     ##  ##   ##  ##       ##
     ######    ##  ########  ######   ########  #########  ######  ######
     ##        ##  ##    ##  ##       ##     ## ##     ##       ## ##
     ##       #### ##     ## ######## ########  ##     ##  ######  ########

You're about to initialize a Firebase project in this directory:

  F:\syncy_wave\official web\dinudilshan.github.io-master

[info] 
=== Project Setup
[info] 
[info] First, let's associate this project directory with a Firebase project.
[info] You can create multiple project aliases by running firebase use --add, 
[info] but for now we'll just set up a default project.
[info] 
[debug] [2021-03-23T08:03:44.007Z] > refreshing access token with scopes: []
[debug] [2021-03-23T08:03:44.008Z] >>> HTTP REQUEST POST https://www.googleapis.com/oauth2/v3/token  
 <request body omitted>
[debug] [2021-03-23T08:03:44.467Z] <<< HTTP RESPONSE 200 {"cache-control":"no-cache, no-store, max-age=0, must-revalidate","expires":"Mon, 01 Jan 1990 00:00:00 GMT","pragma":"no-cache","date":"Tue, 23 Mar 2021 08:04:03 GMT","content-type":"application/json; charset=utf-8","vary":"X-Origin, Referer, Origin,Accept-Encoding","server":"scaffolding on HTTPServer2","x-xss-protection":"0","x-frame-options":"SAMEORIGIN","x-content-type-options":"nosniff","alt-svc":"h3-29=\":443\"; ma=2592000,h3-T051=\":443\"; ma=2592000,h3-Q050=\":443\"; ma=2592000,h3-Q046=\":443\"; ma=2592000,h3-Q043=\":443\"; ma=2592000,quic=\":443\"; ma=2592000; v=\"46,43\"","accept-ranges":"none","transfer-encoding":"chunked"}
[debug] [2021-03-23T08:03:44.476Z] >>> [apiv2][query] GET https://firebase.googleapis.com/v1beta1/projects pageSize=100
[debug] [2021-03-23T08:03:45.214Z] <<< [apiv2][status] GET https://firebase.googleapis.com/v1beta1/projects 200
[debug] [2021-03-23T08:03:45.214Z] <<< [apiv2][body] GET https://firebase.googleapis.com/v1beta1/projects [omitted]
[info] i  Using project syncy-wave-official-web (syncy wave official web) 
[info] 
=== Hosting Setup
[info] 
[info] Your public directory is the folder (relative to your project directory) that
[info] will contain Hosting assets to be uploaded with firebase deploy. If you
[info] have a build process for your assets, use your build's output directory.
[info] 
[debug] [2021-03-23T08:04:10.093Z] >>> [apiv2][query] GET https://www.gstatic.com/firebasejs/releases.json [none]
[debug] [2021-03-23T08:04:10.424Z] <<< [apiv2][status] GET https://www.gstatic.com/firebasejs/releases.json 200
[debug] [2021-03-23T08:04:10.424Z] <<< [apiv2][body] GET https://www.gstatic.com/firebasejs/releases.json {"current":{"version":"8.3.1","browserURL":"https://www.gstatic.com/firebasejs/8.3.1/firebase.js","packageURL":"https://www.gstatic.com/firebasejs/8.3.1/firebase.tgz"},"live":{"version":"8.3","browserURL":"https://www.gstatic.com/firebasejs/live/8.3/firebase.js","packageURL":"https://www.gstatic.com/firebasejs/live/8.3/firebase.tgz"},"components":{"analytics":"https://www.gstatic.com/firebasejs/8.3.1/firebase-analytics.js","app":"https://www.gstatic.com/firebasejs/8.3.1/firebase-app.js","auth":"https://www.gstatic.com/firebasejs/8.3.1/firebase-auth.js","database":"https://www.gstatic.com/firebasejs/8.3.1/firebase-database.js","firestore":"https://www.gstatic.com/firebasejs/8.3.1/firebase-firestore.js","functions":"https://www.gstatic.com/firebasejs/8.3.1/firebase-functions.js","installations":"https://www.gstatic.com/firebasejs/8.3.1/firebase-installations.js","messaging":"https://www.gstatic.com/firebasejs/8.3.1/firebase-messaging.js","storage":"https://www.gstatic.com/firebasejs/8.3.1/firebase-storage.js","performance":"https://www.gstatic.com/firebasejs/8.3.1/firebase-performance.js","remote-config":"https://www.gstatic.com/firebasejs/8.3.1/firebase-remote-config.js","firestore.memory":"https://www.gstatic.com/firebasejs/8.3.1/firebase-firestore.memory.js"}}
[info] +  Wrote y/index.html 
[info] 
[info] i  Didn't detect a .git folder. Assuming F:\syncy_wave\official web\dinudilshan.github.io-master is the project root. 
[info] i  Authorizing with GitHub to upload your service account to a GitHub repository's secrets store. 
[info] 
[info] Visit this URL on this device to log in:
[info] https://github.com/login/oauth/authorize?client_id=89cf50f02ac6aaed3484&state=869428602&redirect_uri=http%3A%2F%2Flocalhost%3A9005&scope=read%3Auser%20repo%20public_repo
[info] 
[info] Waiting for authentication...
[debug] [2021-03-23T08:05:49.074Z] >>> HTTP REQUEST POST https://github.com/login/oauth/access_token  
 {"client_id":"89cf50f02ac6aaed3484","client_secret":"3330d14abc895d9a74d5f17cd7a00711fa2c5bf0","code":"90e53713297570013953","redirect_uri":"http://localhost:9005","state":"869428602"}
[debug] [2021-03-23T08:05:49.942Z] <<< HTTP RESPONSE 200 {"server":"GitHub.com","date":"Tue, 23 Mar 2021 08:06:08 GMT","content-type":"application/json; charset=utf-8","transfer-encoding":"chunked","vary":"X-PJAX, Accept-Encoding, Accept, X-Requested-With","etag":"W/\"bc9da015ec48d2cbcc719984170766e5\"","cache-control":"max-age=0, private, must-revalidate","strict-transport-security":"max-age=31536000; includeSubdomains; preload","x-frame-options":"deny","x-content-type-options":"nosniff","x-xss-protection":"0","referrer-policy":"origin-when-cross-origin, strict-origin-when-cross-origin","expect-ct":"max-age=2592000, report-uri=\"https://api.github.com/_private/browser/errors\"","content-security-policy":"default-src 'none'; base-uri 'self'; block-all-mixed-content; connect-src 'self' uploads.github.com www.githubstatus.com collector.githubapp.com api.github.com github-cloud.s3.amazonaws.com github-production-repository-file-5c1aeb.s3.amazonaws.com github-production-upload-manifest-file-7fdce7.s3.amazonaws.com github-production-user-asset-6210df.s3.amazonaws.com cdn.optimizely.com logx.optimizely.com/v1/events wss://alive.github.com; font-src github.githubassets.com; form-action 'self' github.com gist.github.com; frame-ancestors 'none'; frame-src render.githubusercontent.com; img-src 'self' data: github.githubassets.com identicons.github.com collector.githubapp.com github-cloud.s3.amazonaws.com secured-user-images.githubusercontent.com/ *.githubusercontent.com; manifest-src 'self'; media-src 'none'; script-src github.githubassets.com; style-src 'unsafe-inline' github.githubassets.com; worker-src github.com/socket-worker-6832eced.js gist.github.com/socket-worker-6832eced.js","x-github-request-id":"9640:7BD4:193D252:1AA4B72:6059A170"}
[debug] [2021-03-23T08:05:49.947Z] >>> [apiv2][query] GET https://api.github.com/user [none]
[debug] [2021-03-23T08:05:50.635Z] <<< [apiv2][status] GET https://api.github.com/user 200
[debug] [2021-03-23T08:05:50.635Z] <<< [apiv2][body] GET https://api.github.com/user {"login":"dinudilshan","id":24424914,"node_id":"MDQ6VXNlcjI0NDI0OTE0","avatar_url":"https://avatars.githubusercontent.com/u/24424914?v=4","gravatar_id":"","url":"https://api.github.com/users/dinudilshan","html_url":"https://github.com/dinudilshan","followers_url":"https://api.github.com/users/dinudilshan/followers","following_url":"https://api.github.com/users/dinudilshan/following{/other_user}","gists_url":"https://api.github.com/users/dinudilshan/gists{/gist_id}","starred_url":"https://api.github.com/users/dinudilshan/starred{/owner}{/repo}","subscriptions_url":"https://api.github.com/users/dinudilshan/subscriptions","organizations_url":"https://api.github.com/users/dinudilshan/orgs","repos_url":"https://api.github.com/users/dinudilshan/repos","events_url":"https://api.github.com/users/dinudilshan/events{/privacy}","received_events_url":"https://api.github.com/users/dinudilshan/received_events","type":"User","site_admin":false,"name":"Dinuka Dilshan Ekanayake","company":"Syncy Wave (pvt) Ltd. ","blog":"","location":"Sri Lanka","email":"dilshandinuka@gmail.com","hireable":null,"bio":null,"twitter_username":null,"public_repos":8,"public_gists":0,"followers":0,"following":3,"created_at":"2016-12-07T03:23:54Z","updated_at":"2021-03-23T08:05:57Z","private_gists":0,"total_private_repos":0,"owned_private_repos":0,"disk_usage":114475,"collaborators":0,"two_factor_authentication":true,"plan":{"name":"free","space":976562499,"collaborators":0,"private_repos":10000}}
[info] 
[info] +  Success! Logged into GitHub as dinudilshan 
[info] 
